<?xml version="1.0" encoding="UTF-8"?>
<testsuite name="CdOrganizerTest" tests="1" skipped="0" failures="0" errors="0" timestamp="2016-04-27T16:09:44" hostname="epicodus-117.local" time="0.001">
  <properties/>
  <testcase name="CdOrganizer_instantiatesCorrectly_true" classname="CdOrganizerTest" time="0.001"/>
  <system-out><![CDATA[]]></system-out>
  <system-err><![CDATA[]]></system-err>
</testsuite>
