<?xml version="1.0" encoding="UTF-8"?>
<testsuite name="ArtistTest" tests="1" skipped="0" failures="0" errors="0" timestamp="2016-04-27T17:52:46" hostname="epicodus-117.local" time="0.0">
  <properties/>
  <testcase name="artist_determinesTheArtist_String" classname="ArtistTest" time="0.0"/>
  <system-out><![CDATA[]]></system-out>
  <system-err><![CDATA[]]></system-err>
</testsuite>
