<?xml version="1.0" encoding="UTF-8"?>
<testsuite name="CdOrganizerTest" tests="3" skipped="0" failures="0" errors="0" timestamp="2016-04-27T17:52:46" hostname="epicodus-117.local" time="0.0">
  <properties/>
  <testcase name="artist_determinesTheArtist_String" classname="CdOrganizerTest" time="0.0"/>
  <testcase name="CdOrganizer_instantiatesCorrectly_true" classname="CdOrganizerTest" time="0.0"/>
  <testcase name="CdOrganizer_returnsCdName_String" classname="CdOrganizerTest" time="0.0"/>
  <system-out><![CDATA[]]></system-out>
  <system-err><![CDATA[]]></system-err>
</testsuite>
